
=== Initialize consolidated BTC workflow ===
current_et=2026-04-27T19:59:45.235380-04:00 target_et=2026-04-27T20:00:00-04:00 train_hours=07:00-19:59 prediction_target_hours=08:00-20:59
Using MLflow experiment: btc-consolidated-23:00_27_4 (UTC)

=== Fetch BTC/USDT market data ===
Exchange attempt failed for binance BTC/USDT: binance GET https://api.binance.com/api/v3/exchangeInfo 451  {
  "code": 0,
  "msg": "Service unavailable from a restricted location according to 'b. Eligibility' in https://www.binance.com/en/terms. Please contact customer service if you believe you received this message in error."
}
Exchange attempt failed for binance BTC/USDT:USDT: binance GET https://api.binance.com/api/v3/exchangeInfo 451  {
  "code": 0,
  "msg": "Service unavailable from a restricted location according to 'b. Eligibility' in https://www.binance.com/en/terms. Please contact customer service if you believe you received this message in error."
}
Fetched 5000 candles from binanceus using BTC/USDT.

=== Build features and dataset splits ===

=== Train challenger zoo once for all consolidated tracks ===

=== Prepare challenger datasets ===

=== Run 5-fold time-series cross-validation ===
Cross-validation fold 1/5
  Fold 1: training RandomForest
  Fold 1: training XGBoost
  Fold 1: training MLPClassifier
  Fold 1: training LSTM
  Fold 1: training Transformer
  Fold 1: training NN
Cross-validation fold 2/5
  Fold 2: training RandomForest
  Fold 2: training XGBoost
  Fold 2: training MLPClassifier
  Fold 2: training LSTM
  Fold 2: training Transformer
  Fold 2: training NN
Cross-validation fold 3/5
  Fold 3: training RandomForest
  Fold 3: training XGBoost
  Fold 3: training MLPClassifier
  Fold 3: training LSTM
  Fold 3: training Transformer
  Fold 3: training NN
Cross-validation fold 4/5
  Fold 4: training RandomForest
  Fold 4: training XGBoost
  Fold 4: training MLPClassifier
  Fold 4: training LSTM
  Fold 4: training Transformer
  Fold 4: training NN
Cross-validation fold 5/5
  Fold 5: training RandomForest
  Fold 5: training XGBoost
  Fold 5: training MLPClassifier
  Fold 5: training LSTM
  Fold 5: training Transformer
  Fold 5: training NN
Training challenger: RandomForest
Finished challenger: RandomForest
Training challenger: XGBoost
Finished challenger: XGBoost
Training challenger: MLPClassifier
Finished challenger: MLPClassifier
Training challenger: LSTM
Finished challenger: LSTM
Training challenger: Transformer
Finished challenger: Transformer
Training challenger: NN
Finished challenger: NN

=== Evaluate challengers on validation window ===

=== Retrain challengers on all labeled data ===
Refitting challenger on full data: RandomForest
Refitting challenger on full data: XGBoost
Refitting challenger on full data: MLPClassifier
Refitting challenger on full data: LSTM
Refitting challenger on full data: Transformer
Refitting challenger on full data: NN

=== Load current champion from MLflow (champion) ===

=== Load current champion from MLflow (champion) ===

=== Load current champion from MLflow (champion) ===

=== Load current champion from MLflow (champion) ===

=== Load current champion from MLflow (champion) ===

=== Load current champion from MLflow (champion) ===
[hourly_24h] RandomForest retained for btc-usdt-directional-classifier-consolidated-hourly-24h-rf version 1
[hourly_24h] XGBoost retained for btc-usdt-directional-classifier-consolidated-hourly-24h-xgb version 1
[hourly_24h] MLPClassifier retained for btc-usdt-directional-classifier-consolidated-hourly-24h-mlp_sklearn version 1
[hourly_24h] LSTM retained for btc-usdt-directional-classifier-consolidated-hourly-24h-lstm version 1
[hourly_24h] Transformer retained for btc-usdt-directional-classifier-consolidated-hourly-24h-transformer version 1
[hourly_24h] NN retained for btc-usdt-directional-classifier-consolidated-hourly-24h-nn version 1
Directional tournament scoreboard:
1. RandomForest [champion] F1=1.000 Accuracy=1.000 Next=0.495 DOWN
2. XGBoost [champion] F1=1.000 Accuracy=1.000 Next=0.590 UP
3. NN [champion] F1=0.978 Accuracy=0.979 Next=0.169 DOWN
4. MLPClassifier [champion] F1=0.878 Accuracy=0.896 Next=0.009 DOWN
5. LSTM [champion] F1=0.647 Accuracy=0.750 Next=0.039 DOWN
6. Transformer [champion] F1=0.606 Accuracy=0.729 Next=0.057 DOWN
7. Transformer [challenger] F1=0.558 Accuracy=0.604 Next=0.103 DOWN
8. RandomForest [challenger] F1=0.533 Accuracy=0.562 Next=0.541 UP
9. LSTM [challenger] F1=0.489 Accuracy=0.521 Next=0.033 DOWN
10. NN [challenger] F1=0.462 Accuracy=0.562 Next=0.258 DOWN
11. XGBoost [challenger] F1=0.426 Accuracy=0.438 Next=0.550 UP
12. MLPClassifier [challenger] F1=0.235 Accuracy=0.458 Next=0.466 DOWN
🏃 View run btc-directional-consolidated-hourly_24h at: https://dagshub.com/devMuniz02/btc-hourly-tournament.mlflow/#/experiments/2240/runs/65b5c6af8ccd419a9e6c3f10cc6d9f7e
🧪 View experiment at: https://dagshub.com/devMuniz02/btc-hourly-tournament.mlflow/#/experiments/2240

=== Load current champion from MLflow (champion) ===

=== Load current champion from MLflow (champion) ===

=== Load current champion from MLflow (champion) ===

=== Load current champion from MLflow (champion) ===

=== Load current champion from MLflow (champion) ===

=== Load current champion from MLflow (champion) ===

=== Initialize consolidated BTC workflow ===
current_et=2026-05-01T16:12:27.649104-04:00 target_et=2026-05-01T17:00:00-04:00 train_hours=07:00-19:59 prediction_target_hours=08:00-20:59
2026/05/01 20:12:28 INFO mlflow.tracking.fluent: Experiment with name 'btc-consolidated-20:00_1_5' does not exist. Creating a new experiment.
Using MLflow experiment: btc-consolidated-20:00_1_5 (UTC)

=== Fetch BTC/USDT market data ===
Exchange attempt failed for binance BTC/USDT: binance GET https://api.binance.com/api/v3/exchangeInfo 451  {
  "code": 0,
  "msg": "Service unavailable from a restricted location according to 'b. Eligibility' in https://www.binance.com/en/terms. Please contact customer service if you believe you received this message in error."
}
Exchange attempt failed for binance BTC/USDT:USDT: binance GET https://api.binance.com/api/v3/exchangeInfo 451  {
  "code": 0,
  "msg": "Service unavailable from a restricted location according to 'b. Eligibility' in https://www.binance.com/en/terms. Please contact customer service if you believe you received this message in error."
}
Fetched 5000 candles from binanceus using BTC/USDT.

=== Build features and dataset splits ===

=== Train challenger zoo once for all consolidated tracks ===

=== Prepare challenger datasets ===

=== Run 5-fold time-series cross-validation ===
Cross-validation fold 1/5
  Fold 1: training RandomForest
  Fold 1: training XGBoost
  Fold 1: training MLPClassifier
  Fold 1: training LSTM
  Fold 1: training Transformer
  Fold 1: training NN
Cross-validation fold 2/5
  Fold 2: training RandomForest
  Fold 2: training XGBoost
  Fold 2: training MLPClassifier
  Fold 2: training LSTM
  Fold 2: training Transformer
  Fold 2: training NN
Cross-validation fold 3/5
  Fold 3: training RandomForest
  Fold 3: training XGBoost
  Fold 3: training MLPClassifier
  Fold 3: training LSTM
  Fold 3: training Transformer
  Fold 3: training NN
Cross-validation fold 4/5
  Fold 4: training RandomForest
  Fold 4: training XGBoost
  Fold 4: training MLPClassifier
  Fold 4: training LSTM
  Fold 4: training Transformer
  Fold 4: training NN
Cross-validation fold 5/5
  Fold 5: training RandomForest
  Fold 5: training XGBoost
  Fold 5: training MLPClassifier
  Fold 5: training LSTM
  Fold 5: training Transformer
  Fold 5: training NN
Training challenger: RandomForest
Finished challenger: RandomForest
Training challenger: XGBoost
Finished challenger: XGBoost
Training challenger: MLPClassifier
Finished challenger: MLPClassifier
Training challenger: LSTM
Finished challenger: LSTM
Training challenger: Transformer
Finished challenger: Transformer
Training challenger: NN
Finished challenger: NN

=== Evaluate challengers on validation window ===

=== Retrain challengers on all labeled data ===
Refitting challenger on full data: RandomForest
Refitting challenger on full data: XGBoost
Refitting challenger on full data: MLPClassifier
Refitting challenger on full data: LSTM
Refitting challenger on full data: Transformer
Refitting challenger on full data: NN

=== Checking workflows to eval ===
Check time: next target is inside ET market hours.
Hourly 24h: queued for evaluation.
Hourly 24h Daily: queued for evaluation.
Market hours: queued for evaluation.
Market hours Daily: queued for evaluation.

=== Downloading all champions for workflows to eval ===

=== Load current champion from MLflow (champion) ===

=== Load current champion from MLflow (champion) ===

=== Load current champion from MLflow (champion) ===

=== Load current champion from MLflow (champion) ===

=== Load current champion from MLflow (champion) ===

=== Load current champion from MLflow (champion) ===

=== Load current champion from MLflow (champion) ===

=== Load current champion from MLflow (champion) ===

=== Load current champion from MLflow (champion) ===

=== Load current champion from MLflow (champion) ===

=== Load current champion from MLflow (champion) ===

=== Load current champion from MLflow (champion) ===

=== Load current champion from MLflow (champion) ===

=== Load current champion from MLflow (champion) ===

=== Load current champion from MLflow (champion) ===

=== Load current champion from MLflow (champion) ===

=== Load current champion from MLflow (champion) ===

=== Load current champion from MLflow (champion) ===

=== Load current champion from MLflow (champion) ===

=== Load current champion from MLflow (champion) ===

=== Load current champion from MLflow (champion) ===

=== Load current champion from MLflow (champion) ===

=== Load current champion from MLflow (champion) ===

=== Load current champion from MLflow (champion) ===

=== Evaluating on val data ===

=== Results of eval ===
Family        | Challenger eval | Hourly 24h | Hourly 24h Daily | Market hours | Market hours Daily
--------------+-----------------+------------+------------------+--------------+-------------------
RandomForest  | 0.364           | 0.429      | 0.429            | 0.429        | 0.429             
XGBoost       | 0.655           | 0.596      | 0.596            | 0.596        | 0.596             
MLPClassifier | 0.667           | 0.500      | 0.500            | 0.500        | 0.500             
LSTM          | 0.489           | 0.390      | 0.390            | 0.390        | 0.390             
Transformer   | 0.730           | 0.458      | 0.458            | 0.458        | 0.458             
NN            | 0.750           | 0.429      | 0.429            | 0.429        | 0.429             

=== Checking workflows to promote ===
Check daily model champion (if daily champion is not available, promote when challenger wins).

=== Uploading/promoting models for challenger that defeated champions ===
RandomForest
Hourly 24h: Keeping current champion
Hourly 24h Daily: Keeping current champion
Market hours: Keeping current champion
Market hours Daily: Keeping current champion
XGBoost
Hourly 24h: Promoting new champion
Hourly 24h Daily: Promoting new champion
Market hours: Promoting new champion
Market hours Daily: Promoting new champion
MLPClassifier
Hourly 24h: Promoting new champion
Hourly 24h Daily: Promoting new champion
Market hours: Promoting new champion
Market hours Daily: Promoting new champion
LSTM
Hourly 24h: Blocked by null-model guard
Hourly 24h Daily: Blocked by null-model guard
Market hours: Blocked by null-model guard
Market hours Daily: Blocked by null-model guard
Transformer
Hourly 24h: Promoting new champion
Hourly 24h Daily: Promoting new champion
Market hours: Promoting new champion
Market hours Daily: Promoting new champion
NN
Hourly 24h: Promoting new champion
Hourly 24h Daily: Promoting new champion
Market hours: Promoting new champion
Market hours Daily: Promoting new champion
[hourly_24h] RandomForest retained for btc-usdt-directional-classifier-consolidated-hourly-24h-rf version 1

=== Promote new champion: XGBoost (champion) ===
2026/05/01 20:28:02 INFO mlflow.pyfunc: Validating input example against model signature
2026/05/01 20:28:03 WARNING mlflow.utils.requirements_utils: Detected one or more mismatches between the model's dependencies and the current Python environment:
 - mlflow (current: 3.11.1, required: mlflow==3.10.1)
 - torch (current: 2.11.0, required: torch==2.10.0)
To fix the mismatches, call `mlflow.pyfunc.get_model_dependencies(model_uri)` to fetch the model's environment and install dependencies using the resulting environment file.
2026/05/01 20:28:03 WARNING mlflow.utils.requirements_utils: Detected one or more mismatches between the model's dependencies and the current Python environment:
 - mlflow (current: 3.11.1, required: mlflow==3.10.1)
 - torch (current: 2.11.0, required: torch==2.10.0)
To fix the mismatches, call `mlflow.pyfunc.get_model_dependencies(model_uri)` to fetch the model's environment and install dependencies using the resulting environment file.
Registered model 'btc-usdt-directional-classifier-consolidated-hourly-24h-xgb' already exists. Creating a new version of this model...
Created version '2' of model 'btc-usdt-directional-classifier-consolidated-hourly-24h-xgb'.
Promotion payload cache: miss for xgb
Promotion payload prep: 0.01s
Promotion log_model: 18.48s
Promotion version lookup: 1.06s
Promotion registry updates: 9.88s
Promotion total: 29.72s
[hourly_24h] XGBoost -> promoted to btc-usdt-directional-classifier-consolidated-hourly-24h-xgb version 2

=== Promote new champion: MLPClassifier (champion) ===
2026/05/01 20:28:44 INFO mlflow.pyfunc: Validating input example against model signature
2026/05/01 20:28:44 WARNING mlflow.utils.requirements_utils: Detected one or more mismatches between the model's dependencies and the current Python environment:
 - mlflow (current: 3.11.1, required: mlflow==3.10.1)
 - torch (current: 2.11.0, required: torch==2.10.0)
To fix the mismatches, call `mlflow.pyfunc.get_model_dependencies(model_uri)` to fetch the model's environment and install dependencies using the resulting environment file.
2026/05/01 20:28:44 WARNING mlflow.utils.requirements_utils: Detected one or more mismatches between the model's dependencies and the current Python environment:
 - mlflow (current: 3.11.1, required: mlflow==3.10.1)
 - torch (current: 2.11.0, required: torch==2.10.0)
To fix the mismatches, call `mlflow.pyfunc.get_model_dependencies(model_uri)` to fetch the model's environment and install dependencies using the resulting environment file.
Registered model 'btc-usdt-directional-classifier-consolidated-hourly-24h-mlp_sklearn' already exists. Creating a new version of this model...
Created version '2' of model 'btc-usdt-directional-classifier-consolidated-hourly-24h-mlp_sklearn'.
Promotion payload cache: miss for mlp_sklearn
Promotion payload prep: 0.01s
Promotion log_model: 29.01s
Promotion version lookup: 1.07s
Promotion registry updates: 9.91s
Promotion total: 41.99s
[hourly_24h] MLPClassifier -> promoted to btc-usdt-directional-classifier-consolidated-hourly-24h-mlp_sklearn version 2
[hourly_24h] LSTM retained for btc-usdt-directional-classifier-consolidated-hourly-24h-lstm version 2

=== Promote new champion: Transformer (champion) ===
2026/05/01 20:29:29 INFO mlflow.pyfunc: Validating input example against model signature
2026/05/01 20:29:29 WARNING mlflow.utils.requirements_utils: Detected one or more mismatches between the model's dependencies and the current Python environment:
 - mlflow (current: 3.11.1, required: mlflow==3.10.1)
 - torch (current: 2.11.0, required: torch==2.10.0)
To fix the mismatches, call `mlflow.pyfunc.get_model_dependencies(model_uri)` to fetch the model's environment and install dependencies using the resulting environment file.
2026/05/01 20:29:29 WARNING mlflow.utils.requirements_utils: Detected one or more mismatches between the model's dependencies and the current Python environment:
 - mlflow (current: 3.11.1, required: mlflow==3.10.1)
 - torch (current: 2.11.0, required: torch==2.10.0)
To fix the mismatches, call `mlflow.pyfunc.get_model_dependencies(model_uri)` to fetch the model's environment and install dependencies using the resulting environment file.
Registered model 'btc-usdt-directional-classifier-consolidated-hourly-24h-transformer' already exists. Creating a new version of this model...
Created version '3' of model 'btc-usdt-directional-classifier-consolidated-hourly-24h-transformer'.
Promotion payload cache: miss for transformer
Promotion payload prep: 0.01s
Promotion log_model: 32.03s
Promotion version lookup: 1.08s
Promotion registry updates: 9.90s
Promotion total: 45.00s
[hourly_24h] Transformer -> promoted to btc-usdt-directional-classifier-consolidated-hourly-24h-transformer version 3

=== Promote new champion: NN (champion) ===
2026/05/01 20:30:17 INFO mlflow.pyfunc: Validating input example against model signature
2026/05/01 20:30:17 WARNING mlflow.utils.requirements_utils: Detected one or more mismatches between the model's dependencies and the current Python environment:
 - mlflow (current: 3.11.1, required: mlflow==3.10.1)
 - torch (current: 2.11.0, required: torch==2.10.0)
To fix the mismatches, call `mlflow.pyfunc.get_model_dependencies(model_uri)` to fetch the model's environment and install dependencies using the resulting environment file.
2026/05/01 20:30:17 WARNING mlflow.utils.requirements_utils: Detected one or more mismatches between the model's dependencies and the current Python environment:
 - mlflow (current: 3.11.1, required: mlflow==3.10.1)
 - torch (current: 2.11.0, required: torch==2.10.0)
To fix the mismatches, call `mlflow.pyfunc.get_model_dependencies(model_uri)` to fetch the model's environment and install dependencies using the resulting environment file.
Registered model 'btc-usdt-directional-classifier-consolidated-hourly-24h-nn' already exists. Creating a new version of this model...
Created version '2' of model 'btc-usdt-directional-classifier-consolidated-hourly-24h-nn'.
Promotion payload cache: miss for nn
Promotion payload prep: 0.01s
Promotion log_model: 35.01s
Promotion version lookup: 1.13s
Promotion registry updates: 9.86s
Promotion total: 48.00s
[hourly_24h] NN -> promoted to btc-usdt-directional-classifier-consolidated-hourly-24h-nn version 2
Directional tournament scoreboard:
1. NN [champion] F1=0.750 Accuracy=0.625 Next=0.089 DOWN
2. Transformer [champion] F1=0.730 Accuracy=0.646 Next=0.627 UP
3. MLPClassifier [champion] F1=0.667 Accuracy=0.583 Next=0.234 DOWN
4. XGBoost [champion] F1=0.655 Accuracy=0.604 Next=0.575 UP
5. XGBoost [champion] F1=0.596 Accuracy=0.604 Next=0.557 UP
6. MLPClassifier [champion] F1=0.500 Accuracy=0.500 Next=0.972 UP
7. LSTM [challenger] F1=0.489 Accuracy=0.521 Next=0.751 UP
8. Transformer [champion] F1=0.458 Accuracy=0.458 Next=0.688 UP
9. RandomForest [champion] F1=0.429 Accuracy=0.500 Next=0.521 UP
10. NN [champion] F1=0.429 Accuracy=0.500 Next=0.602 UP
11. LSTM [champion] F1=0.390 Accuracy=0.479 Next=0.726 UP
12. RandomForest [challenger] F1=0.364 Accuracy=0.417 Next=0.497 DOWN
🏃 View run btc-directional-consolidated-hourly_24h at: https://dagshub.com/devMuniz02/btc-hourly-tournament.mlflow/#/experiments/2397/runs/3acc329e3be2498e95dd99372c159f7d
🧪 View experiment at: https://dagshub.com/devMuniz02/btc-hourly-tournament.mlflow/#/experiments/2397
[hourly_daily] RandomForest retained for btc-usdt-directional-classifier-consolidated-hourly-daily-rf version 1

=== Promote new champion: XGBoost (champion) ===
2026/05/01 20:31:04 INFO mlflow.pyfunc: Validating input example against model signature
2026/05/01 20:31:04 WARNING mlflow.utils.requirements_utils: Detected one or more mismatches between the model's dependencies and the current Python environment:
 - mlflow (current: 3.11.1, required: mlflow==3.10.1)
 - torch (current: 2.11.0, required: torch==2.10.0)
To fix the mismatches, call `mlflow.pyfunc.get_model_dependencies(model_uri)` to fetch the model's environment and install dependencies using the resulting environment file.
2026/05/01 20:31:04 WARNING mlflow.utils.requirements_utils: Detected one or more mismatches between the model's dependencies and the current Python environment:
 - mlflow (current: 3.11.1, required: mlflow==3.10.1)
 - torch (current: 2.11.0, required: torch==2.10.0)
To fix the mismatches, call `mlflow.pyfunc.get_model_dependencies(model_uri)` to fetch the model's environment and install dependencies using the resulting environment file.
Registered model 'btc-usdt-directional-classifier-consolidated-hourly-daily-xgb' already exists. Creating a new version of this model...
Created version '2' of model 'btc-usdt-directional-classifier-consolidated-hourly-daily-xgb'.
Promotion payload cache: hit for xgb
Promotion payload prep: 0.00s
Promotion log_model: 26.02s
Promotion version lookup: 1.05s
Promotion registry updates: 9.92s
Promotion total: 38.98s
[hourly_daily] XGBoost -> promoted to btc-usdt-directional-classifier-consolidated-hourly-daily-xgb version 2

=== Promote new champion: MLPClassifier (champion) ===
2026/05/01 20:31:46 INFO mlflow.pyfunc: Validating input example against model signature
2026/05/01 20:31:46 WARNING mlflow.utils.requirements_utils: Detected one or more mismatches between the model's dependencies and the current Python environment:
 - mlflow (current: 3.11.1, required: mlflow==3.10.1)
 - torch (current: 2.11.0, required: torch==2.10.0)
To fix the mismatches, call `mlflow.pyfunc.get_model_dependencies(model_uri)` to fetch the model's environment and install dependencies using the resulting environment file.
2026/05/01 20:31:46 WARNING mlflow.utils.requirements_utils: Detected one or more mismatches between the model's dependencies and the current Python environment:
 - mlflow (current: 3.11.1, required: mlflow==3.10.1)
 - torch (current: 2.11.0, required: torch==2.10.0)
To fix the mismatches, call `mlflow.pyfunc.get_model_dependencies(model_uri)` to fetch the model's environment and install dependencies using the resulting environment file.
Registered model 'btc-usdt-directional-classifier-consolidated-hourly-daily-mlp_sklearn' already exists. Creating a new version of this model...
Created version '2' of model 'btc-usdt-directional-classifier-consolidated-hourly-daily-mlp_sklearn'.
Promotion payload cache: hit for mlp_sklearn
Promotion payload prep: 0.00s
Promotion log_model: 29.01s
Promotion version lookup: 1.08s
Promotion registry updates: 9.93s
Promotion total: 42.02s
[hourly_daily] MLPClassifier -> promoted to btc-usdt-directional-classifier-consolidated-hourly-daily-mlp_sklearn version 2
[hourly_daily] LSTM retained for btc-usdt-directional-classifier-consolidated-hourly-daily-lstm version 2

=== Promote new champion: Transformer (champion) ===
2026/05/01 20:32:31 INFO mlflow.pyfunc: Validating input example against model signature
2026/05/01 20:32:31 WARNING mlflow.utils.requirements_utils: Detected one or more mismatches between the model's dependencies and the current Python environment:
 - mlflow (current: 3.11.1, required: mlflow==3.10.1)
 - torch (current: 2.11.0, required: torch==2.10.0)
To fix the mismatches, call `mlflow.pyfunc.get_model_dependencies(model_uri)` to fetch the model's environment and install dependencies using the resulting environment file.
2026/05/01 20:32:31 WARNING mlflow.utils.requirements_utils: Detected one or more mismatches between the model's dependencies and the current Python environment:
 - mlflow (current: 3.11.1, required: mlflow==3.10.1)
 - torch (current: 2.11.0, required: torch==2.10.0)
To fix the mismatches, call `mlflow.pyfunc.get_model_dependencies(model_uri)` to fetch the model's environment and install dependencies using the resulting environment file.
Registered model 'btc-usdt-directional-classifier-consolidated-hourly-daily-transformer' already exists. Creating a new version of this model...
Created version '3' of model 'btc-usdt-directional-classifier-consolidated-hourly-daily-transformer'.
Promotion payload cache: hit for transformer
Promotion payload prep: 0.00s
Promotion log_model: 32.00s
Promotion version lookup: 1.10s
Promotion registry updates: 9.93s
Promotion total: 45.01s
[hourly_daily] Transformer -> promoted to btc-usdt-directional-classifier-consolidated-hourly-daily-transformer version 3

=== Promote new champion: NN (champion) ===
2026/05/01 20:33:19 INFO mlflow.pyfunc: Validating input example against model signature
2026/05/01 20:33:19 WARNING mlflow.utils.requirements_utils: Detected one or more mismatches between the model's dependencies and the current Python environment:
 - mlflow (current: 3.11.1, required: mlflow==3.10.1)
 - torch (current: 2.11.0, required: torch==2.10.0)
To fix the mismatches, call `mlflow.pyfunc.get_model_dependencies(model_uri)` to fetch the model's environment and install dependencies using the resulting environment file.
2026/05/01 20:33:19 WARNING mlflow.utils.requirements_utils: Detected one or more mismatches between the model's dependencies and the current Python environment:
 - mlflow (current: 3.11.1, required: mlflow==3.10.1)
 - torch (current: 2.11.0, required: torch==2.10.0)
To fix the mismatches, call `mlflow.pyfunc.get_model_dependencies(model_uri)` to fetch the model's environment and install dependencies using the resulting environment file.
Registered model 'btc-usdt-directional-classifier-consolidated-hourly-daily-nn' already exists. Creating a new version of this model...
Created version '2' of model 'btc-usdt-directional-classifier-consolidated-hourly-daily-nn'.
Promotion payload cache: hit for nn
Promotion payload prep: 0.00s
Promotion log_model: 35.07s
Promotion version lookup: 1.03s
Promotion registry updates: 9.92s
Promotion total: 47.98s
[hourly_daily] NN -> promoted to btc-usdt-directional-classifier-consolidated-hourly-daily-nn version 2
Directional tournament scoreboard:
1. NN [champion] F1=0.750 Accuracy=0.625 Next=0.089 DOWN
2. Transformer [champion] F1=0.730 Accuracy=0.646 Next=0.627 UP
3. MLPClassifier [champion] F1=0.667 Accuracy=0.583 Next=0.234 DOWN
4. XGBoost [champion] F1=0.655 Accuracy=0.604 Next=0.575 UP
5. XGBoost [champion] F1=0.596 Accuracy=0.604 Next=0.557 UP
6. MLPClassifier [champion] F1=0.500 Accuracy=0.500 Next=0.972 UP
7. LSTM [challenger] F1=0.489 Accuracy=0.521 Next=0.751 UP
8. Transformer [champion] F1=0.458 Accuracy=0.458 Next=0.688 UP
9. RandomForest [champion] F1=0.429 Accuracy=0.500 Next=0.521 UP
10. NN [champion] F1=0.429 Accuracy=0.500 Next=0.602 UP
11. LSTM [champion] F1=0.390 Accuracy=0.479 Next=0.726 UP
12. RandomForest [challenger] F1=0.364 Accuracy=0.417 Next=0.497 DOWN
🏃 View run btc-directional-consolidated-hourly_daily at: https://dagshub.com/devMuniz02/btc-hourly-tournament.mlflow/#/experiments/2397/runs/e6fe2ffec7b1487787047cf38a0c95ea
🧪 View experiment at: https://dagshub.com/devMuniz02/btc-hourly-tournament.mlflow/#/experiments/2397
[market_hours] RandomForest retained for btc-usdt-directional-classifier-consolidated-market-hours-rf version 1

=== Promote new champion: XGBoost (champion) ===
2026/05/01 20:34:06 INFO mlflow.pyfunc: Validating input example against model signature
2026/05/01 20:34:06 WARNING mlflow.utils.requirements_utils: Detected one or more mismatches between the model's dependencies and the current Python environment:
 - mlflow (current: 3.11.1, required: mlflow==3.10.1)
 - torch (current: 2.11.0, required: torch==2.10.0)
To fix the mismatches, call `mlflow.pyfunc.get_model_dependencies(model_uri)` to fetch the model's environment and install dependencies using the resulting environment file.
2026/05/01 20:34:06 WARNING mlflow.utils.requirements_utils: Detected one or more mismatches between the model's dependencies and the current Python environment:
 - mlflow (current: 3.11.1, required: mlflow==3.10.1)
 - torch (current: 2.11.0, required: torch==2.10.0)
To fix the mismatches, call `mlflow.pyfunc.get_model_dependencies(model_uri)` to fetch the model's environment and install dependencies using the resulting environment file.
Registered model 'btc-usdt-directional-classifier-consolidated-market-hours-xgb' already exists. Creating a new version of this model...
Created version '2' of model 'btc-usdt-directional-classifier-consolidated-market-hours-xgb'.
Promotion payload cache: hit for xgb
Promotion payload prep: 0.00s
Promotion log_model: 25.98s
Promotion version lookup: 1.09s
Promotion registry updates: 9.92s
Promotion total: 38.99s
[market_hours] XGBoost -> promoted to btc-usdt-directional-classifier-consolidated-market-hours-xgb version 2

=== Promote new champion: MLPClassifier (champion) ===
2026/05/01 20:34:48 INFO mlflow.pyfunc: Validating input example against model signature
2026/05/01 20:34:48 WARNING mlflow.utils.requirements_utils: Detected one or more mismatches between the model's dependencies and the current Python environment:
 - mlflow (current: 3.11.1, required: mlflow==3.10.1)
 - torch (current: 2.11.0, required: torch==2.10.0)
To fix the mismatches, call `mlflow.pyfunc.get_model_dependencies(model_uri)` to fetch the model's environment and install dependencies using the resulting environment file.
2026/05/01 20:34:48 WARNING mlflow.utils.requirements_utils: Detected one or more mismatches between the model's dependencies and the current Python environment:
 - mlflow (current: 3.11.1, required: mlflow==3.10.1)
 - torch (current: 2.11.0, required: torch==2.10.0)
To fix the mismatches, call `mlflow.pyfunc.get_model_dependencies(model_uri)` to fetch the model's environment and install dependencies using the resulting environment file.
Registered model 'btc-usdt-directional-classifier-consolidated-market-hours-mlp_sklearn' already exists. Creating a new version of this model...
Created version '2' of model 'btc-usdt-directional-classifier-consolidated-market-hours-mlp_sklearn'.
Promotion payload cache: hit for mlp_sklearn
Promotion payload prep: 0.00s
Promotion log_model: 29.01s
Promotion version lookup: 1.06s
Promotion registry updates: 9.94s
Promotion total: 42.00s
[market_hours] MLPClassifier -> promoted to btc-usdt-directional-classifier-consolidated-market-hours-mlp_sklearn version 2
[market_hours] LSTM retained for btc-usdt-directional-classifier-consolidated-market-hours-lstm version 2

=== Promote new champion: Transformer (champion) ===
2026/05/01 20:35:33 INFO mlflow.pyfunc: Validating input example against model signature
2026/05/01 20:35:33 WARNING mlflow.utils.requirements_utils: Detected one or more mismatches between the model's dependencies and the current Python environment:
 - mlflow (current: 3.11.1, required: mlflow==3.10.1)
 - torch (current: 2.11.0, required: torch==2.10.0)
To fix the mismatches, call `mlflow.pyfunc.get_model_dependencies(model_uri)` to fetch the model's environment and install dependencies using the resulting environment file.
2026/05/01 20:35:33 WARNING mlflow.utils.requirements_utils: Detected one or more mismatches between the model's dependencies and the current Python environment:
 - mlflow (current: 3.11.1, required: mlflow==3.10.1)
 - torch (current: 2.11.0, required: torch==2.10.0)
To fix the mismatches, call `mlflow.pyfunc.get_model_dependencies(model_uri)` to fetch the model's environment and install dependencies using the resulting environment file.
Registered model 'btc-usdt-directional-classifier-consolidated-market-hours-transformer' already exists. Creating a new version of this model...
Created version '3' of model 'btc-usdt-directional-classifier-consolidated-market-hours-transformer'.
Promotion payload cache: hit for transformer
Promotion payload prep: 0.00s
Promotion log_model: 32.01s
Promotion version lookup: 1.07s
Promotion registry updates: 9.91s
Promotion total: 44.98s
[market_hours] Transformer -> promoted to btc-usdt-directional-classifier-consolidated-market-hours-transformer version 3

=== Promote new champion: NN (champion) ===
2026/05/01 20:36:21 INFO mlflow.pyfunc: Validating input example against model signature
2026/05/01 20:36:21 WARNING mlflow.utils.requirements_utils: Detected one or more mismatches between the model's dependencies and the current Python environment:
 - mlflow (current: 3.11.1, required: mlflow==3.10.1)
 - torch (current: 2.11.0, required: torch==2.10.0)
To fix the mismatches, call `mlflow.pyfunc.get_model_dependencies(model_uri)` to fetch the model's environment and install dependencies using the resulting environment file.
2026/05/01 20:36:21 WARNING mlflow.utils.requirements_utils: Detected one or more mismatches between the model's dependencies and the current Python environment:
 - mlflow (current: 3.11.1, required: mlflow==3.10.1)
 - torch (current: 2.11.0, required: torch==2.10.0)
To fix the mismatches, call `mlflow.pyfunc.get_model_dependencies(model_uri)` to fetch the model's environment and install dependencies using the resulting environment file.
Registered model 'btc-usdt-directional-classifier-consolidated-market-hours-nn' already exists. Creating a new version of this model...
Created version '2' of model 'btc-usdt-directional-classifier-consolidated-market-hours-nn'.
Promotion payload cache: hit for nn
Promotion payload prep: 0.00s
Promotion log_model: 35.01s
Promotion version lookup: 1.06s
Promotion registry updates: 9.93s
Promotion total: 48.01s
[market_hours] NN -> promoted to btc-usdt-directional-classifier-consolidated-market-hours-nn version 2
Directional tournament scoreboard:
1. NN [champion] F1=0.750 Accuracy=0.625 Next=0.089 DOWN
2. Transformer [champion] F1=0.730 Accuracy=0.646 Next=0.627 UP
3. MLPClassifier [champion] F1=0.667 Accuracy=0.583 Next=0.234 DOWN
4. XGBoost [champion] F1=0.655 Accuracy=0.604 Next=0.575 UP
5. XGBoost [champion] F1=0.596 Accuracy=0.604 Next=0.557 UP
6. MLPClassifier [champion] F1=0.500 Accuracy=0.500 Next=0.972 UP
7. LSTM [challenger] F1=0.489 Accuracy=0.521 Next=0.751 UP
8. Transformer [champion] F1=0.458 Accuracy=0.458 Next=0.688 UP
9. RandomForest [champion] F1=0.429 Accuracy=0.500 Next=0.521 UP
10. NN [champion] F1=0.429 Accuracy=0.500 Next=0.602 UP
11. LSTM [champion] F1=0.390 Accuracy=0.479 Next=0.726 UP
12. RandomForest [challenger] F1=0.364 Accuracy=0.417 Next=0.497 DOWN
🏃 View run btc-directional-consolidated-market_hours at: https://dagshub.com/devMuniz02/btc-hourly-tournament.mlflow/#/experiments/2397/runs/2771c3cbe3464a019e658ef143af806b
🧪 View experiment at: https://dagshub.com/devMuniz02/btc-hourly-tournament.mlflow/#/experiments/2397
[market_hours_daily] RandomForest retained for btc-usdt-directional-classifier-consolidated-market-hours-daily-rf version 1

=== Promote new champion: XGBoost (champion) ===
2026/05/01 20:37:08 INFO mlflow.pyfunc: Validating input example against model signature
2026/05/01 20:37:08 WARNING mlflow.utils.requirements_utils: Detected one or more mismatches between the model's dependencies and the current Python environment:
 - mlflow (current: 3.11.1, required: mlflow==3.10.1)
 - torch (current: 2.11.0, required: torch==2.10.0)
To fix the mismatches, call `mlflow.pyfunc.get_model_dependencies(model_uri)` to fetch the model's environment and install dependencies using the resulting environment file.
2026/05/01 20:37:08 WARNING mlflow.utils.requirements_utils: Detected one or more mismatches between the model's dependencies and the current Python environment:
 - mlflow (current: 3.11.1, required: mlflow==3.10.1)
 - torch (current: 2.11.0, required: torch==2.10.0)
To fix the mismatches, call `mlflow.pyfunc.get_model_dependencies(model_uri)` to fetch the model's environment and install dependencies using the resulting environment file.
Registered model 'btc-usdt-directional-classifier-consolidated-market-hours-daily-xgb' already exists. Creating a new version of this model...
Created version '2' of model 'btc-usdt-directional-classifier-consolidated-market-hours-daily-xgb'.
Promotion payload cache: hit for xgb
Promotion payload prep: 0.00s
Promotion log_model: 25.98s
Promotion version lookup: 1.09s
Promotion registry updates: 9.91s
Promotion total: 38.98s
[market_hours_daily] XGBoost -> promoted to btc-usdt-directional-classifier-consolidated-market-hours-daily-xgb version 2

=== Promote new champion: MLPClassifier (champion) ===
2026/05/01 20:37:50 INFO mlflow.pyfunc: Validating input example against model signature
2026/05/01 20:37:50 WARNING mlflow.utils.requirements_utils: Detected one or more mismatches between the model's dependencies and the current Python environment:
 - mlflow (current: 3.11.1, required: mlflow==3.10.1)
 - torch (current: 2.11.0, required: torch==2.10.0)
To fix the mismatches, call `mlflow.pyfunc.get_model_dependencies(model_uri)` to fetch the model's environment and install dependencies using the resulting environment file.
2026/05/01 20:37:50 WARNING mlflow.utils.requirements_utils: Detected one or more mismatches between the model's dependencies and the current Python environment:
 - mlflow (current: 3.11.1, required: mlflow==3.10.1)
 - torch (current: 2.11.0, required: torch==2.10.0)
To fix the mismatches, call `mlflow.pyfunc.get_model_dependencies(model_uri)` to fetch the model's environment and install dependencies using the resulting environment file.
Registered model 'btc-usdt-directional-classifier-consolidated-market-hours-daily-mlp_sklearn' already exists. Creating a new version of this model...
Created version '2' of model 'btc-usdt-directional-classifier-consolidated-market-hours-daily-mlp_sklearn'.
Promotion payload cache: hit for mlp_sklearn
Promotion payload prep: 0.00s
Promotion log_model: 29.03s
Promotion version lookup: 1.06s
Promotion registry updates: 9.94s
Promotion total: 42.02s
[market_hours_daily] MLPClassifier -> promoted to btc-usdt-directional-classifier-consolidated-market-hours-daily-mlp_sklearn version 2
[market_hours_daily] LSTM retained for btc-usdt-directional-classifier-consolidated-market-hours-daily-lstm version 2

=== Promote new champion: Transformer (champion) ===
2026/05/01 20:38:35 INFO mlflow.pyfunc: Validating input example against model signature
2026/05/01 20:38:35 WARNING mlflow.utils.requirements_utils: Detected one or more mismatches between the model's dependencies and the current Python environment:
 - mlflow (current: 3.11.1, required: mlflow==3.10.1)
 - torch (current: 2.11.0, required: torch==2.10.0)
To fix the mismatches, call `mlflow.pyfunc.get_model_dependencies(model_uri)` to fetch the model's environment and install dependencies using the resulting environment file.
2026/05/01 20:38:35 WARNING mlflow.utils.requirements_utils: Detected one or more mismatches between the model's dependencies and the current Python environment:
 - mlflow (current: 3.11.1, required: mlflow==3.10.1)
 - torch (current: 2.11.0, required: torch==2.10.0)
To fix the mismatches, call `mlflow.pyfunc.get_model_dependencies(model_uri)` to fetch the model's environment and install dependencies using the resulting environment file.
Registered model 'btc-usdt-directional-classifier-consolidated-market-hours-daily-transformer' already exists. Creating a new version of this model...
Created version '3' of model 'btc-usdt-directional-classifier-consolidated-market-hours-daily-transformer'.
Promotion payload cache: hit for transformer
Promotion payload prep: 0.00s
Promotion log_model: 32.00s
Promotion version lookup: 1.08s
Promotion registry updates: 9.93s
Promotion total: 45.00s
[market_hours_daily] Transformer -> promoted to btc-usdt-directional-classifier-consolidated-market-hours-daily-transformer version 3

=== Promote new champion: NN (champion) ===
2026/05/01 20:39:23 INFO mlflow.pyfunc: Validating input example against model signature
2026/05/01 20:39:23 WARNING mlflow.utils.requirements_utils: Detected one or more mismatches between the model's dependencies and the current Python environment:
 - mlflow (current: 3.11.1, required: mlflow==3.10.1)
 - torch (current: 2.11.0, required: torch==2.10.0)
To fix the mismatches, call `mlflow.pyfunc.get_model_dependencies(model_uri)` to fetch the model's environment and install dependencies using the resulting environment file.
2026/05/01 20:39:23 WARNING mlflow.utils.requirements_utils: Detected one or more mismatches between the model's dependencies and the current Python environment:
 - mlflow (current: 3.11.1, required: mlflow==3.10.1)
 - torch (current: 2.11.0, required: torch==2.10.0)
To fix the mismatches, call `mlflow.pyfunc.get_model_dependencies(model_uri)` to fetch the model's environment and install dependencies using the resulting environment file.
Registered model 'btc-usdt-directional-classifier-consolidated-market-hours-daily-nn' already exists. Creating a new version of this model...
Created version '2' of model 'btc-usdt-directional-classifier-consolidated-market-hours-daily-nn'.
Promotion payload cache: hit for nn
Promotion payload prep: 0.00s
Promotion log_model: 34.98s
Promotion version lookup: 1.15s
Promotion registry updates: 9.85s
Promotion total: 47.98s
[market_hours_daily] NN -> promoted to btc-usdt-directional-classifier-consolidated-market-hours-daily-nn version 2
Directional tournament scoreboard:
1. NN [champion] F1=0.750 Accuracy=0.625 Next=0.089 DOWN
2. Transformer [champion] F1=0.730 Accuracy=0.646 Next=0.627 UP
3. MLPClassifier [champion] F1=0.667 Accuracy=0.583 Next=0.234 DOWN
4. XGBoost [champion] F1=0.655 Accuracy=0.604 Next=0.575 UP
5. XGBoost [champion] F1=0.596 Accuracy=0.604 Next=0.557 UP
6. MLPClassifier [champion] F1=0.500 Accuracy=0.500 Next=0.972 UP
7. LSTM [challenger] F1=0.489 Accuracy=0.521 Next=0.751 UP
8. Transformer [champion] F1=0.458 Accuracy=0.458 Next=0.688 UP
9. RandomForest [champion] F1=0.429 Accuracy=0.500 Next=0.521 UP
10. NN [champion] F1=0.429 Accuracy=0.500 Next=0.602 UP
11. LSTM [champion] F1=0.390 Accuracy=0.479 Next=0.726 UP
12. RandomForest [challenger] F1=0.364 Accuracy=0.417 Next=0.497 DOWN
🏃 View run btc-directional-consolidated-market_hours_daily at: https://dagshub.com/devMuniz02/btc-hourly-tournament.mlflow/#/experiments/2397/runs/e93011eba0c047f591f9b4436793d148
🧪 View experiment at: https://dagshub.com/devMuniz02/btc-hourly-tournament.mlflow/#/experiments/2397
🏃 View run btc-directional-consolidated at: https://dagshub.com/devMuniz02/btc-hourly-tournament.mlflow/#/experiments/2397/runs/d0380ff9d4cb4f5d802109a8ea4306db
🧪 View experiment at: https://dagshub.com/devMuniz02/btc-hourly-tournament.mlflow/#/experiments/2397
